Performing C++ SOURCE FILE Test CMAKE_HAVE_LIBC_PTHREAD failed with the following output:
Change Dir: /home/eric/Projects/CGame/GUI/CMakeFiles/CMakeTmp

Run Build Command(s):/usr/bin/make -f Makefile cmTC_1c85e/fast && /usr/bin/make  -f CMakeFiles/cmTC_1c85e.dir/build.make CMakeFiles/cmTC_1c85e.dir/build
make[1]: Entering directory '/home/eric/Projects/CGame/GUI/CMakeFiles/CMakeTmp'
Building CXX object CMakeFiles/cmTC_1c85e.dir/src.cxx.o
/usr/bin/c++ -DCMAKE_HAVE_LIBC_PTHREAD  -std=gnu++11 -o CMakeFiles/cmTC_1c85e.dir/src.cxx.o -c /home/eric/Projects/CGame/GUI/CMakeFiles/CMakeTmp/src.cxx
Linking CXX executable cmTC_1c85e
/usr/bin/cmake -E cmake_link_script CMakeFiles/cmTC_1c85e.dir/link.txt --verbose=1
/usr/bin/c++ CMakeFiles/cmTC_1c85e.dir/src.cxx.o -o cmTC_1c85e 
/usr/bin/ld: CMakeFiles/cmTC_1c85e.dir/src.cxx.o: in function `main':
src.cxx:(.text+0x46): undefined reference to `pthread_create'
/usr/bin/ld: src.cxx:(.text+0x52): undefined reference to `pthread_detach'
/usr/bin/ld: src.cxx:(.text+0x5e): undefined reference to `pthread_cancel'
/usr/bin/ld: src.cxx:(.text+0x6f): undefined reference to `pthread_join'
collect2: error: ld returned 1 exit status
make[1]: *** [CMakeFiles/cmTC_1c85e.dir/build.make:99: cmTC_1c85e] Error 1
make[1]: Leaving directory '/home/eric/Projects/CGame/GUI/CMakeFiles/CMakeTmp'
make: *** [Makefile:127: cmTC_1c85e/fast] Error 2


Source file was:
#include <pthread.h>

static void* test_func(void* data)
{
  return data;
}

int main(void)
{
  pthread_t thread;
  pthread_create(&thread, NULL, test_func, NULL);
  pthread_detach(thread);
  pthread_cancel(thread);
  pthread_join(thread, NULL);
  pthread_atfork(NULL, NULL, NULL);
  pthread_exit(NULL);

  return 0;
}

Performing C++ SOURCE FILE Test CMAKE_HAVE_LIBC_PTHREAD failed with the following output:
Change Dir: /home/eric/Projects/CGame/GUI/CMakeFiles/CMakeTmp

Run Build Command(s):/usr/bin/make -f Makefile cmTC_857a9/fast && make[1]: Entering directory '/home/eric/Projects/CGame/GUI/CMakeFiles/CMakeTmp'
/usr/bin/make  -f CMakeFiles/cmTC_857a9.dir/build.make CMakeFiles/cmTC_857a9.dir/build
make[2]: Entering directory '/home/eric/Projects/CGame/GUI/CMakeFiles/CMakeTmp'
Building CXX object CMakeFiles/cmTC_857a9.dir/src.cxx.o
/usr/bin/c++ -DCMAKE_HAVE_LIBC_PTHREAD  -std=gnu++11 -o CMakeFiles/cmTC_857a9.dir/src.cxx.o -c /home/eric/Projects/CGame/GUI/CMakeFiles/CMakeTmp/src.cxx
Linking CXX executable cmTC_857a9
/usr/bin/cmake -E cmake_link_script CMakeFiles/cmTC_857a9.dir/link.txt --verbose=1
/usr/bin/c++ CMakeFiles/cmTC_857a9.dir/src.cxx.o -o cmTC_857a9 
/usr/bin/ld: CMakeFiles/cmTC_857a9.dir/src.cxx.o: in function `main':
src.cxx:(.text+0x46): undefined reference to `pthread_create'
/usr/bin/ld: src.cxx:(.text+0x52): undefined reference to `pthread_detach'
/usr/bin/ld: src.cxx:(.text+0x5e): undefined reference to `pthread_cancel'
/usr/bin/ld: src.cxx:(.text+0x6f): undefined reference to `pthread_join'
collect2: error: ld returned 1 exit status
make[2]: *** [CMakeFiles/cmTC_857a9.dir/build.make:99: cmTC_857a9] Error 1
make[2]: Leaving directory '/home/eric/Projects/CGame/GUI/CMakeFiles/CMakeTmp'
make[1]: *** [Makefile:127: cmTC_857a9/fast] Error 2
make[1]: Leaving directory '/home/eric/Projects/CGame/GUI/CMakeFiles/CMakeTmp'


Source file was:
#include <pthread.h>

static void* test_func(void* data)
{
  return data;
}

int main(void)
{
  pthread_t thread;
  pthread_create(&thread, NULL, test_func, NULL);
  pthread_detach(thread);
  pthread_cancel(thread);
  pthread_join(thread, NULL);
  pthread_atfork(NULL, NULL, NULL);
  pthread_exit(NULL);

  return 0;
}

