Performing C SOURCE FILE Test CMAKE_HAVE_LIBC_PTHREAD failed with the following output:
Change Dir: /home/eric/Projects/CGame/CMakeFiles/CMakeTmp

Run Build Command(s):/usr/bin/make -f Makefile cmTC_b3a48/fast && /usr/bin/make  -f CMakeFiles/cmTC_b3a48.dir/build.make CMakeFiles/cmTC_b3a48.dir/build
make[1]: Entering directory '/home/eric/Projects/CGame/CMakeFiles/CMakeTmp'
Building C object CMakeFiles/cmTC_b3a48.dir/src.c.o
/usr/bin/cc -DCMAKE_HAVE_LIBC_PTHREAD   -o CMakeFiles/cmTC_b3a48.dir/src.c.o -c /home/eric/Projects/CGame/CMakeFiles/CMakeTmp/src.c
Linking C executable cmTC_b3a48
/usr/bin/cmake -E cmake_link_script CMakeFiles/cmTC_b3a48.dir/link.txt --verbose=1
/usr/bin/cc CMakeFiles/cmTC_b3a48.dir/src.c.o -o cmTC_b3a48 
/usr/bin/ld: CMakeFiles/cmTC_b3a48.dir/src.c.o: in function `main':
src.c:(.text+0x46): undefined reference to `pthread_create'
/usr/bin/ld: src.c:(.text+0x52): undefined reference to `pthread_detach'
/usr/bin/ld: src.c:(.text+0x5e): undefined reference to `pthread_cancel'
/usr/bin/ld: src.c:(.text+0x6f): undefined reference to `pthread_join'
collect2: error: ld returned 1 exit status
make[1]: *** [CMakeFiles/cmTC_b3a48.dir/build.make:99: cmTC_b3a48] Error 1
make[1]: Leaving directory '/home/eric/Projects/CGame/CMakeFiles/CMakeTmp'
make: *** [Makefile:127: cmTC_b3a48/fast] Error 2


Source file was:
#include <pthread.h>

static void* test_func(void* data)
{
  return data;
}

int main(void)
{
  pthread_t thread;
  pthread_create(&thread, NULL, test_func, NULL);
  pthread_detach(thread);
  pthread_cancel(thread);
  pthread_join(thread, NULL);
  pthread_atfork(NULL, NULL, NULL);
  pthread_exit(NULL);

  return 0;
}

Performing C SOURCE FILE Test CMAKE_HAVE_LIBC_PTHREAD failed with the following output:
Change Dir: /home/eric/Projects/CGame/CMakeFiles/CMakeTmp

Run Build Command(s):/usr/bin/make -f Makefile cmTC_a7931/fast && /usr/bin/make  -f CMakeFiles/cmTC_a7931.dir/build.make CMakeFiles/cmTC_a7931.dir/build
make[1]: Entering directory '/home/eric/Projects/CGame/CMakeFiles/CMakeTmp'
Building C object CMakeFiles/cmTC_a7931.dir/src.c.o
/usr/bin/cc -DCMAKE_HAVE_LIBC_PTHREAD   -o CMakeFiles/cmTC_a7931.dir/src.c.o -c /home/eric/Projects/CGame/CMakeFiles/CMakeTmp/src.c
Linking C executable cmTC_a7931
/usr/bin/cmake -E cmake_link_script CMakeFiles/cmTC_a7931.dir/link.txt --verbose=1
/usr/bin/cc CMakeFiles/cmTC_a7931.dir/src.c.o -o cmTC_a7931 
/usr/bin/ld: CMakeFiles/cmTC_a7931.dir/src.c.o: in function `main':
src.c:(.text+0x46): undefined reference to `pthread_create'
/usr/bin/ld: src.c:(.text+0x52): undefined reference to `pthread_detach'
/usr/bin/ld: src.c:(.text+0x5e): undefined reference to `pthread_cancel'
/usr/bin/ld: src.c:(.text+0x6f): undefined reference to `pthread_join'
collect2: error: ld returned 1 exit status
make[1]: *** [CMakeFiles/cmTC_a7931.dir/build.make:99: cmTC_a7931] Error 1
make[1]: Leaving directory '/home/eric/Projects/CGame/CMakeFiles/CMakeTmp'
make: *** [Makefile:127: cmTC_a7931/fast] Error 2


Source file was:
#include <pthread.h>

static void* test_func(void* data)
{
  return data;
}

int main(void)
{
  pthread_t thread;
  pthread_create(&thread, NULL, test_func, NULL);
  pthread_detach(thread);
  pthread_cancel(thread);
  pthread_join(thread, NULL);
  pthread_atfork(NULL, NULL, NULL);
  pthread_exit(NULL);

  return 0;
}

