Performing C SOURCE FILE Test CMAKE_HAVE_LIBC_PTHREAD failed with the following output:
Change Dir: /home/eric/Projects/CGame/build/CMakeFiles/CMakeTmp

Run Build Command(s):/usr/bin/make -f Makefile cmTC_ea6c5/fast && /usr/bin/make  -f CMakeFiles/cmTC_ea6c5.dir/build.make CMakeFiles/cmTC_ea6c5.dir/build
make[1]: Entering directory '/home/eric/Projects/CGame/build/CMakeFiles/CMakeTmp'
Building C object CMakeFiles/cmTC_ea6c5.dir/src.c.o
/usr/bin/gcc -DCMAKE_HAVE_LIBC_PTHREAD   -o CMakeFiles/cmTC_ea6c5.dir/src.c.o -c /home/eric/Projects/CGame/build/CMakeFiles/CMakeTmp/src.c
Linking C executable cmTC_ea6c5
/usr/bin/cmake -E cmake_link_script CMakeFiles/cmTC_ea6c5.dir/link.txt --verbose=1
/usr/bin/gcc CMakeFiles/cmTC_ea6c5.dir/src.c.o -o cmTC_ea6c5 
/usr/bin/ld: CMakeFiles/cmTC_ea6c5.dir/src.c.o: in function `main':
src.c:(.text+0x46): undefined reference to `pthread_create'
/usr/bin/ld: src.c:(.text+0x52): undefined reference to `pthread_detach'
/usr/bin/ld: src.c:(.text+0x5e): undefined reference to `pthread_cancel'
/usr/bin/ld: src.c:(.text+0x6f): undefined reference to `pthread_join'
collect2: error: ld returned 1 exit status
make[1]: *** [CMakeFiles/cmTC_ea6c5.dir/build.make:99: cmTC_ea6c5] Error 1
make[1]: Leaving directory '/home/eric/Projects/CGame/build/CMakeFiles/CMakeTmp'
make: *** [Makefile:127: cmTC_ea6c5/fast] Error 2


Source file was:
#include <pthread.h>

static void* test_func(void* data)
{
  return data;
}

int main(void)
{
  pthread_t thread;
  pthread_create(&thread, NULL, test_func, NULL);
  pthread_detach(thread);
  pthread_cancel(thread);
  pthread_join(thread, NULL);
  pthread_atfork(NULL, NULL, NULL);
  pthread_exit(NULL);

  return 0;
}

Performing C SOURCE FILE Test CMAKE_HAVE_LIBC_PTHREAD failed with the following output:
Change Dir: /home/eric/Projects/CGame/build/CMakeFiles/CMakeTmp

Run Build Command(s):/usr/bin/make -f Makefile cmTC_23b40/fast && /usr/bin/make  -f CMakeFiles/cmTC_23b40.dir/build.make CMakeFiles/cmTC_23b40.dir/build
make[1]: Entering directory '/home/eric/Projects/CGame/build/CMakeFiles/CMakeTmp'
Building C object CMakeFiles/cmTC_23b40.dir/src.c.o
/usr/bin/gcc -DCMAKE_HAVE_LIBC_PTHREAD   -o CMakeFiles/cmTC_23b40.dir/src.c.o -c /home/eric/Projects/CGame/build/CMakeFiles/CMakeTmp/src.c
Linking C executable cmTC_23b40
/usr/bin/cmake -E cmake_link_script CMakeFiles/cmTC_23b40.dir/link.txt --verbose=1
/usr/bin/gcc CMakeFiles/cmTC_23b40.dir/src.c.o -o cmTC_23b40 
/usr/bin/ld: CMakeFiles/cmTC_23b40.dir/src.c.o: in function `main':
src.c:(.text+0x46): undefined reference to `pthread_create'
/usr/bin/ld: src.c:(.text+0x52): undefined reference to `pthread_detach'
/usr/bin/ld: src.c:(.text+0x5e): undefined reference to `pthread_cancel'
/usr/bin/ld: src.c:(.text+0x6f): undefined reference to `pthread_join'
collect2: error: ld returned 1 exit status
make[1]: *** [CMakeFiles/cmTC_23b40.dir/build.make:99: cmTC_23b40] Error 1
make[1]: Leaving directory '/home/eric/Projects/CGame/build/CMakeFiles/CMakeTmp'
make: *** [Makefile:127: cmTC_23b40/fast] Error 2


Source file was:
#include <pthread.h>

static void* test_func(void* data)
{
  return data;
}

int main(void)
{
  pthread_t thread;
  pthread_create(&thread, NULL, test_func, NULL);
  pthread_detach(thread);
  pthread_cancel(thread);
  pthread_join(thread, NULL);
  pthread_atfork(NULL, NULL, NULL);
  pthread_exit(NULL);

  return 0;
}

